[INFO] Scanning for projects...
[INFO] 
[INFO] -----------------< com.example:secure-edtech-backend >------------------
[INFO] Building secure-edtech-backend 0.0.1-SNAPSHOT
[INFO]   from pom.xml
[INFO] --------------------------------[ jar ]---------------------------------
[INFO] 
[INFO] --- clean:3.3.2:clean (default-clean) @ secure-edtech-backend ---
[INFO] Deleting F:\secure-edtech-backend\target
[INFO] 
[INFO] --- resources:3.3.1:resources (default-resources) @ secure-edtech-backend ---
[INFO] Copying 1 resource from src\main\resources to target\classes
[INFO] Copying 1 resource from src\main\resources to target\classes
[INFO] 
[INFO] --- compiler:3.11.0:compile (default-compile) @ secure-edtech-backend ---
[INFO] Changes detected - recompiling the module! :source
[INFO] Compiling 84 source files with javac [debug release 17] to target\classes
[INFO] /F:/secure-edtech-backend/src/main/java/com/example/demo/watermark/PdfWatermarkService.java: F:\secure-edtech-backend\src\main\java\com\example\demo\watermark\PdfWatermarkService.java uses or overrides a deprecated API.
[INFO] /F:/secure-edtech-backend/src/main/java/com/example/demo/watermark/PdfWatermarkService.java: Recompile with -Xlint:deprecation for details.
[INFO] 
[INFO] --- resources:3.3.1:testResources (default-testResources) @ secure-edtech-backend ---
[INFO] skip non existing resourceDirectory F:\secure-edtech-backend\src\test\resources
[INFO] 
[INFO] --- compiler:3.11.0:testCompile (default-testCompile) @ secure-edtech-backend ---
[INFO] Changes detected - recompiling the module! :dependency
[INFO] Compiling 1 source file with javac [debug release 17] to target\test-classes
[INFO] 
[INFO] --- surefire:3.1.2:test (default-test) @ secure-edtech-backend ---
[INFO] Using auto detected provider org.apache.maven.surefire.junitplatform.JUnitPlatformProvider
[INFO] 
[INFO] -------------------------------------------------------
[INFO]  T E S T S
[INFO] -------------------------------------------------------
[INFO] Running com.example.demo.SecureEdtechBackendApplicationTests
20:46:07.809 [main] INFO org.springframework.test.context.support.AnnotationConfigContextLoaderUtils -- Could not detect default configuration classes for test class [com.example.demo.SecureEdtechBackendApplicationTests]: SecureEdtechBackendApplicationTests does not declare any static, non-private, non-final, nested classes annotated with @Configuration.
20:46:07.950 [main] INFO org.springframework.boot.test.context.SpringBootTestContextBootstrapper -- Found @SpringBootConfiguration com.example.demo.SecureEdtechBackendApplication for test class com.example.demo.SecureEdtechBackendApplicationTests

  .   ____          _            __ _ _
 /\\ / ___'_ __ _ _(_)_ __  __ _ \ \ \ \
( ( )\___ | '_ | '_| | '_ \/ _` | \ \ \ \
 \\/  ___)| |_)| | | | | || (_| |  ) ) ) )
  '  |____| .__|_| |_|_| |_\__, | / / / /
 =========|_|==============|___/=/_/_/_/
 :: Spring Boot ::                (v3.2.4)

2026-03-22T20:46:08.654+05:30  INFO 11092 --- [secure-edtech-backend] [           main] .e.d.SecureEdtechBackendApplicationTests : Starting SecureEdtechBackendApplicationTests using Java 17.0.11 with PID 11092 (started by sarat in F:\secure-edtech-backend)
2026-03-22T20:46:08.658+05:30  INFO 11092 --- [secure-edtech-backend] [           main] .e.d.SecureEdtechBackendApplicationTests : No active profile set, falling back to 1 default profile: "default"
2026-03-22T20:46:10.814+05:30  INFO 11092 --- [secure-edtech-backend] [           main] .s.d.r.c.RepositoryConfigurationDelegate : Multiple Spring Data modules found, entering strict repository configuration mode
2026-03-22T20:46:10.816+05:30  INFO 11092 --- [secure-edtech-backend] [           main] .s.d.r.c.RepositoryConfigurationDelegate : Bootstrapping Spring Data MongoDB repositories in DEFAULT mode.
2026-03-22T20:46:11.109+05:30  INFO 11092 --- [secure-edtech-backend] [           main] .s.d.r.c.RepositoryConfigurationDelegate : Finished Spring Data repository scanning in 285 ms. Found 11 MongoDB repository interfaces.
2026-03-22T20:46:11.147+05:30  INFO 11092 --- [secure-edtech-backend] [           main] .s.d.r.c.RepositoryConfigurationDelegate : Multiple Spring Data modules found, entering strict repository configuration mode
2026-03-22T20:46:11.149+05:30  INFO 11092 --- [secure-edtech-backend] [           main] .s.d.r.c.RepositoryConfigurationDelegate : Bootstrapping Spring Data Redis repositories in DEFAULT mode.
2026-03-22T20:46:11.179+05:30  INFO 11092 --- [secure-edtech-backend] [           main] .RepositoryConfigurationExtensionSupport : Spring Data Redis - Could not safely identify store assignment for repository candidate interface com.example.demo.activity.repository.ActivityLogRepository; If you want this repository to be a Redis repository, consider annotating your entities with one of these annotations: org.springframework.data.redis.core.RedisHash (preferred), or consider extending one of the following types with your repository: org.springframework.data.keyvalue.repository.KeyValueRepository
2026-03-22T20:46:11.179+05:30  INFO 11092 --- [secure-edtech-backend] [           main] .RepositoryConfigurationExtensionSupport : Spring Data Redis - Could not safely identify store assignment for repository candidate interface com.example.demo.auth.repository.RefreshTokenRepository; If you want this repository to be a Redis repository, consider annotating your entities with one of these annotations: org.springframework.data.redis.core.RedisHash (preferred), or consider extending one of the following types with your repository: org.springframework.data.keyvalue.repository.KeyValueRepository
2026-03-22T20:46:11.181+05:30  INFO 11092 --- [secure-edtech-backend] [           main] .RepositoryConfigurationExtensionSupport : Spring Data Redis - Could not safely identify store assignment for repository candidate interface com.example.demo.auth.repository.UserSessionRepository; If you want this repository to be a Redis repository, consider annotating your entities with one of these annotations: org.springframework.data.redis.core.RedisHash (preferred), or consider extending one of the following types with your repository: org.springframework.data.keyvalue.repository.KeyValueRepository
2026-03-22T20:46:11.181+05:30  INFO 11092 --- [secure-edtech-backend] [           main] .RepositoryConfigurationExtensionSupport : Spring Data Redis - Could not safely identify store assignment for repository candidate interface com.example.demo.content.repository.ContentRepository; If you want this repository to be a Redis repository, consider annotating your entities with one of these annotations: org.springframework.data.redis.core.RedisHash (preferred), or consider extending one of the following types with your repository: org.springframework.data.keyvalue.repository.KeyValueRepository
2026-03-22T20:46:11.181+05:30  INFO 11092 --- [secure-edtech-backend] [           main] .RepositoryConfigurationExtensionSupport : Spring Data Redis - Could not safely identify store assignment for repository candidate interface com.example.demo.discussion.repository.DiscussionRepository; If you want this repository to be a Redis repository, consider annotating your entities with one of these annotations: org.springframework.data.redis.core.RedisHash (preferred), or consider extending one of the following types with your repository: org.springframework.data.keyvalue.repository.KeyValueRepository
2026-03-22T20:46:11.182+05:30  INFO 11092 --- [secure-edtech-backend] [           main] .RepositoryConfigurationExtensionSupport : Spring Data Redis - Could not safely identify store assignment for repository candidate interface com.example.demo.exam.repository.ExamAttemptRepository; If you want this repository to be a Redis repository, consider annotating your entities with one of these annotations: org.springframework.data.redis.core.RedisHash (preferred), or consider extending one of the following types with your repository: org.springframework.data.keyvalue.repository.KeyValueRepository
2026-03-22T20:46:11.182+05:30  INFO 11092 --- [secure-edtech-backend] [           main] .RepositoryConfigurationExtensionSupport : Spring Data Redis - Could not safely identify store assignment for repository candidate interface com.example.demo.exam.repository.ExamRepository; If you want this repository to be a Redis repository, consider annotating your entities with one of these annotations: org.springframework.data.redis.core.RedisHash (preferred), or consider extending one of the following types with your repository: org.springframework.data.keyvalue.repository.KeyValueRepository
2026-03-22T20:46:11.183+05:30  INFO 11092 --- [secure-edtech-backend] [           main] .RepositoryConfigurationExtensionSupport : Spring Data Redis - Could not safely identify store assignment for repository candidate interface com.example.demo.exam.repository.QuestionRepository; If you want this repository to be a Redis repository, consider annotating your entities with one of these annotations: org.springframework.data.redis.core.RedisHash (preferred), or consider extending one of the following types with your repository: org.springframework.data.keyvalue.repository.KeyValueRepository
2026-03-22T20:46:11.183+05:30  INFO 11092 --- [secure-edtech-backend] [           main] .RepositoryConfigurationExtensionSupport : Spring Data Redis - Could not safely identify store assignment for repository candidate interface com.example.demo.risk.repository.RiskEventRepository; If you want this repository to be a Redis repository, consider annotating your entities with one of these annotations: org.springframework.data.redis.core.RedisHash (preferred), or consider extending one of the following types with your repository: org.springframework.data.keyvalue.repository.KeyValueRepository
2026-03-22T20:46:11.183+05:30  INFO 11092 --- [secure-edtech-backend] [           main] .RepositoryConfigurationExtensionSupport : Spring Data Redis - Could not safely identify store assignment for repository candidate interface com.example.demo.risk.repository.UserRiskRepository; If you want this repository to be a Redis repository, consider annotating your entities with one of these annotations: org.springframework.data.redis.core.RedisHash (preferred), or consider extending one of the following types with your repository: org.springframework.data.keyvalue.repository.KeyValueRepository
2026-03-22T20:46:11.184+05:30  INFO 11092 --- [secure-edtech-backend] [           main] .RepositoryConfigurationExtensionSupport : Spring Data Redis - Could not safely identify store assignment for repository candidate interface com.example.demo.user.repository.UserRepository; If you want this repository to be a Redis repository, consider annotating your entities with one of these annotations: org.springframework.data.redis.core.RedisHash (preferred), or consider extending one of the following types with your repository: org.springframework.data.keyvalue.repository.KeyValueRepository
2026-03-22T20:46:11.184+05:30  INFO 11092 --- [secure-edtech-backend] [           main] .s.d.r.c.RepositoryConfigurationDelegate : Finished Spring Data repository scanning in 19 ms. Found 0 Redis repository interfaces.
2026-03-22T20:46:12.349+05:30  INFO 11092 --- [secure-edtech-backend] [           main] org.mongodb.driver.client                : MongoClient with metadata {"driver": {"name": "mongo-java-driver|sync|spring-boot", "version": "4.11.1"}, "os": {"type": "Windows", "name": "Windows 11", "architecture": "amd64", "version": "10.0"}, "platform": "Java/Oracle Corporation/17.0.11+7-LTS-207"} created with settings MongoClientSettings{readPreference=primary, writeConcern=WriteConcern{w=null, wTimeout=null ms, journal=null}, retryWrites=true, retryReads=true, readConcern=ReadConcern{level=null}, credential=null, transportSettings=null, streamFactoryFactory=null, commandListeners=[io.micrometer.core.instrument.binder.mongodb.MongoMetricsCommandListener@1d77746b], codecRegistry=ProvidersCodecRegistry{codecProviders=[ValueCodecProvider{}, BsonValueCodecProvider{}, DBRefCodecProvider{}, DBObjectCodecProvider{}, DocumentCodecProvider{}, CollectionCodecProvider{}, IterableCodecProvider{}, MapCodecProvider{}, GeoJsonCodecProvider{}, GridFSFileCodecProvider{}, Jsr310CodecProvider{}, JsonObjectCodecProvider{}, BsonCodecProvider{}, EnumCodecProvider{}, com.mongodb.client.model.mql.ExpressionCodecProvider@4ced17f3, com.mongodb.Jep395RecordCodecProvider@734a149a, com.mongodb.KotlinCodecProvider@6ce9771c]}, loggerSettings=LoggerSettings{maxDocumentLength=1000}, clusterSettings={hosts=[localhost:27017], srvServiceName=mongodb, mode=SINGLE, requiredClusterType=UNKNOWN, requiredReplicaSetName='null', serverSelector='null', clusterListeners='[]', serverSelectionTimeout='30000 ms', localThreshold='15 ms'}, socketSettings=SocketSettings{connectTimeoutMS=10000, readTimeoutMS=0, receiveBufferSize=0, proxySettings=ProxySettings{host=null, port=null, username=null, password=null}}, heartbeatSocketSettings=SocketSettings{connectTimeoutMS=10000, readTimeoutMS=10000, receiveBufferSize=0, proxySettings=ProxySettings{host=null, port=null, username=null, password=null}}, connectionPoolSettings=ConnectionPoolSettings{maxSize=100, minSize=0, maxWaitTimeMS=120000, maxConnectionLifeTimeMS=0, maxConnectionIdleTimeMS=0, maintenanceInitialDelayMS=0, maintenanceFrequencyMS=60000, connectionPoolListeners=[io.micrometer.core.instrument.binder.mongodb.MongoMetricsConnectionPoolListener@4a9b92c6], maxConnecting=2}, serverSettings=ServerSettings{heartbeatFrequencyMS=10000, minHeartbeatFrequencyMS=500, serverListeners='[]', serverMonitorListeners='[]'}, sslSettings=SslSettings{enabled=false, invalidHostNameAllowed=false, context=null}, applicationName='null', compressorList=[], uuidRepresentation=JAVA_LEGACY, serverApi=null, autoEncryptionSettings=null, dnsClient=null, inetAddressResolver=null, contextProvider=null}
2026-03-22T20:46:12.421+05:30  INFO 11092 --- [secure-edtech-backend] [localhost:27017] org.mongodb.driver.cluster               : Monitor thread successfully connected to server with description ServerDescription{address=localhost:27017, type=STANDALONE, state=CONNECTED, ok=true, minWireVersion=0, maxWireVersion=27, maxDocumentSize=16777216, logicalSessionTimeoutMinutes=30, roundTripTimeNanos=42739100}
Public Enabled = true
2026-03-22T20:46:14.993+05:30  INFO 11092 --- [secure-edtech-backend] [           main] o.s.b.a.e.web.EndpointLinksResolver      : Exposing 2 endpoint(s) beneath base path '/actuator'
2026-03-22T20:46:15.123+05:30  INFO 11092 --- [secure-edtech-backend] [           main] o.s.s.web.DefaultSecurityFilterChain     : Will secure any request with [org.springframework.security.web.session.DisableEncodeUrlFilter@666b1244, org.springframework.security.web.context.request.async.WebAsyncManagerIntegrationFilter@66130c3b, org.springframework.security.web.context.SecurityContextHolderFilter@38a52072, org.springframework.security.web.header.HeaderWriterFilter@37a1beb3, org.springframework.web.filter.CorsFilter@789d8fd6, org.springframework.security.web.authentication.logout.LogoutFilter@7dfec0bc, com.example.demo.auth.security.JwtAuthenticationFilter@42fa5cb, org.springframework.security.web.savedrequest.RequestCacheAwareFilter@5cf80dfb, org.springframework.security.web.servletapi.SecurityContextHolderAwareRequestFilter@532ea86b, org.springframework.security.web.authentication.AnonymousAuthenticationFilter@3ae87e38, org.springframework.security.web.session.SessionManagementFilter@746f8520, org.springframework.security.web.access.ExceptionTranslationFilter@4bf89d3d, org.springframework.security.web.access.intercept.AuthorizationFilter@51aa2a58]
2026-03-22T20:46:16.271+05:30  INFO 11092 --- [secure-edtech-backend] [           main] .e.d.SecureEdtechBackendApplicationTests : Started SecureEdtechBackendApplicationTests in 8.123 seconds (process running for 9.587)
? Default Admin Created
[INFO] Tests run: 1, Failures: 0, Errors: 0, Skipped: 0, Time elapsed: 10.49 s -- in com.example.demo.SecureEdtechBackendApplicationTests
[INFO] 
[INFO] Results:
[INFO] 
[INFO] Tests run: 1, Failures: 0, Errors: 0, Skipped: 0
[INFO] 
[INFO] ------------------------------------------------------------------------
[INFO] BUILD SUCCESS
[INFO] ------------------------------------------------------------------------
[INFO] Total time:  20.035 s
[INFO] Finished at: 2026-03-22T20:46:18+05:30
[INFO] ------------------------------------------------------------------------
